This is LuaHBTeX, Version 1.13.0 (TeX Live 2021)  (format=lualatex 2021.12.28)  31 AUG 2022 16:20
 system commands enabled.
 file:line:error style messages enabled.
**Alleluia_Fer_VI_ad_Vesperas_TP.tex
(./Alleluia_Fer_VI_ad_Vesperas_TP.tex
LaTeX2e <2020-10-01> patch level 4
Lua module: luaotfload 2021-01-08 3.17 Lua based OpenType font support
Lua module: lualibs 2020-12-30 2.73 ConTeXt Lua standard libraries.
Lua module: lualibs-extended 2020-12-30 2.73 ConTeXt Lua libraries -- extended c
ollection.
luaotfload | conf : Root cache directory is "/Users/matthewroth/Library/texlive/
2021/texmf-var/luatex-cache/generic/names".
luaotfload | init : Loading fontloader "fontloader-2021-01-07.lua" from kpse-res
olved path "/usr/local/texlive/2021/texmf-dist/tex/luatex/luaotfload/fontloader-
2021-01-07.lua".
Lua-only attribute luaotfload@noligature = 1
Lua-only attribute luaotfload@syllabe = 2
luaotfload | init : Context OpenType loader version 0x1.8e76c8b439581p+1
Inserting `luaotfload.node_processor' at position 1 in `pre_linebreak_filter'.
Inserting `luaotfload.node_processor' at position 1 in `hpack_filter'.
Inserting `luaotfload.glyph_stream' at position 1 in `glyph_stream_provider'.
Inserting `luaotfload.define_font' at position 1 in `define_font'.
Lua-only attribute luaotfload_color_attribute = 3
luaotfload | conf : Root cache directory is "/Users/matthewroth/Library/texlive/
2021/texmf-var/luatex-cache/generic/names".
Inserting `luaotfload.harf.strip_prefix' at position 1 in `find_opentype_file'.
Inserting `luaotfload.harf.strip_prefix' at position 1 in `find_truetype_file'.
Inserting `luaotfload.harf.finalize_vlist' at position 1 in `post_linebreak_filt
er'.
Inserting `luaotfload.harf.finalize_hlist' at position 2 in `hpack_filter'.
Inserting `luaotfload.cleanup_files' at position 1 in `wrapup_run'.
Inserting `luaotfload.harf.finalize_unicode' at position 1 in `finish_pdffile'.
Inserting `luaotfload.glyphinfo' at position 1 in `glyph_info'.
Inserting `luaotfload.aux.set_sscale_dimens' at position 1 in `luaotfload.patch_
font'.
Inserting `luaotfload.aux.set_font_index' at position 2 in `luaotfload.patch_fon
t'.
Inserting `luaotfload.aux.patch_cambria_domh' at position 3 in `luaotfload.patch
_font'.
Inserting `luaotfload.aux.fixup_fontdata' at position 1 in `luaotfload.patch_fon
t_unsafe'.
Inserting `luaotfload.aux.set_capheight' at position 4 in `luaotfload.patch_font
'.
Inserting `luaotfload.aux.set_xheight' at position 5 in `luaotfload.patch_font'.
Inserting `luaotfload.rewrite_fontname' at position 6 in `luaotfload.patch_font'
. L3 programming layer <2021-02-18>
(/usr/local/texlive/2021/texmf-dist/tex/latex/base/article.cls
Document Class: article 2020/04/10 v1.4m Standard LaTeX document class
(/usr/local/texlive/2021/texmf-dist/tex/latex/base/size11.clo
File: size11.clo 2020/04/10 v1.4m Standard LaTeX file (size option)
luaotfload | db : Font names database loaded from /Users/matthewroth/Library/tex
live/2021/texmf-var/luatex-cache/generic/names/luaotfload-names.luc)
\c@part=\count175
\c@section=\count176
\c@subsection=\count177
\c@subsubsection=\count178
\c@paragraph=\count179
\c@subparagraph=\count180
\c@figure=\count181
\c@table=\count182
\abovecaptionskip=\skip47
\belowcaptionskip=\skip48
\bibindent=\dimen138
)
(/usr/local/texlive/2021/texmf-dist/tex/latex/geometry/geometry.sty
Package: geometry 2020/01/02 v5.9 Page Geometry

(/usr/local/texlive/2021/texmf-dist/tex/latex/graphics/keyval.sty
Package: keyval 2014/10/28 v1.15 key=value parser (DPC)
\KV@toks@=\toks15
)
(/usr/local/texlive/2021/texmf-dist/tex/generic/iftex/ifvtex.sty
Package: ifvtex 2019/10/25 v1.7 ifvtex legacy package. Use iftex instead.

(/usr/local/texlive/2021/texmf-dist/tex/generic/iftex/iftex.sty
Package: iftex 2020/03/06 v1.0d TeX engine tests
))
\Gm@cnth=\count183
\Gm@cntv=\count184
\c@Gm@tempcnt=\count185
\Gm@bindingoffset=\dimen139
\Gm@wd@mp=\dimen140
\Gm@odd@mp=\dimen141
\Gm@even@mp=\dimen142
\Gm@layoutwidth=\dimen143
\Gm@layoutheight=\dimen144
\Gm@layouthoffset=\dimen145
\Gm@layoutvoffset=\dimen146
\Gm@dimlist=\toks16
)
(/usr/local/texlive/2021/texmf-dist/tex/latex/fontspec/fontspec.sty
(/usr/local/texlive/2021/texmf-dist/tex/latex/l3packages/xparse/xparse.sty
(/usr/local/texlive/2021/texmf-dist/tex/latex/l3kernel/expl3.sty
Package: expl3 2021-02-18 L3 programming layer (loader) 

(/usr/local/texlive/2021/texmf-dist/tex/latex/l3backend/l3backend-luatex.def
File: l3backend-luatex.def 2021-03-18 L3 backend support: PDF output (LuaTeX)
\l__color_backend_stack_int=\count186
\l__pdf_internal_box=\box47
))
(/usr/local/texlive/2021/texmf-dist/tex/latex/l3packages/xparse/xparse-2020-10-
01.sty
(/usr/local/texlive/2021/texmf-dist/tex/latex/l3packages/xparse/xparse-generic.
tex)))
Package: fontspec 2022/01/15 v2.8a Font selection for XeLaTeX and LuaLaTeX
Lua module: fontspec 2022/01/15 2.8a Font selection for XeLaTeX and LuaLaTeX
(/usr/local/texlive/2021/texmf-dist/tex/latex/fontspec/fontspec-luatex.sty
Package: fontspec-luatex 2022/01/15 v2.8a Font selection for XeLaTeX and LuaLaT
eX
\l__fontspec_script_int=\count187
\l__fontspec_language_int=\count188
\l__fontspec_strnum_int=\count189
\l__fontspec_tmp_int=\count190
\l__fontspec_tmpa_int=\count191
\l__fontspec_tmpb_int=\count192
\l__fontspec_tmpc_int=\count193
\l__fontspec_em_int=\count194
\l__fontspec_emdef_int=\count195
\l__fontspec_strong_int=\count196
\l__fontspec_strongdef_int=\count197
\l__fontspec_tmpa_dim=\dimen147
\l__fontspec_tmpb_dim=\dimen148
\l__fontspec_tmpc_dim=\dimen149

(/usr/local/texlive/2021/texmf-dist/tex/latex/base/fontenc.sty
Package: fontenc 2020/08/10 v2.0s Standard LaTeX package
)
(/usr/local/texlive/2021/texmf-dist/tex/latex/fontspec/fontspec.cfg)))
(/usr/local/texlive/2021/texmf-dist/tex/lualatex/gregoriotex/gregoriotex.sty
Package: gregoriotex 2021/03/13 v6.0.0 GregorioTeX system.

(/usr/local/texlive/2021/texmf-dist/tex/latex/xcolor/xcolor.sty
Package: xcolor 2016/05/11 v2.12 LaTeX color extensions (UK)

(/usr/local/texlive/2021/texmf-dist/tex/latex/graphics-cfg/color.cfg
File: color.cfg 2016/01/02 v1.6 sample color configuration
)
Package xcolor Info: Driver file: luatex.def on input line 225.

(/usr/local/texlive/2021/texmf-dist/tex/latex/graphics-def/luatex.def
File: luatex.def 2020/10/05 v1.2a Graphics/color driver for luatex
)
Package xcolor Info: Model `cmy' substituted by `cmy0' on input line 1348.
Package xcolor Info: Model `hsb' substituted by `rgb' on input line 1352.
Package xcolor Info: Model `RGB' extended on input line 1364.
Package xcolor Info: Model `HTML' substituted by `rgb' on input line 1366.
Package xcolor Info: Model `Hsb' substituted by `hsb' on input line 1367.
Package xcolor Info: Model `tHsb' substituted by `hsb' on input line 1368.
Package xcolor Info: Model `HSB' substituted by `hsb' on input line 1369.
Package xcolor Info: Model `Gray' substituted by `gray' on input line 1370.
Package xcolor Info: Model `wave' substituted by `hsb' on input line 1371.
)
(/usr/local/texlive/2021/texmf-dist/tex/latex/luacolor/luacolor.sty
Package: luacolor 2021-02-17 v1.17 Color support via LuaTeX's attributes (HO)
\LuaCol@Attribute=\attribute4

(/usr/local/texlive/2021/texmf-dist/tex/latex/base/atbegshi-ltx.sty
Package: atbegshi-ltx 2020/08/17 v1.0a Emulation of the original atbegshi packa
ge
with kernel methods
))
(/usr/local/texlive/2021/texmf-dist/tex/latex/kvoptions/kvoptions.sty
Package: kvoptions 2020-10-07 v3.14 Key value format for package options (HO)

(/usr/local/texlive/2021/texmf-dist/tex/generic/ltxcmds/ltxcmds.sty
Package: ltxcmds 2020-05-10 v1.25 LaTeX kernel commands for general use (HO)
)
(/usr/local/texlive/2021/texmf-dist/tex/generic/kvsetkeys/kvsetkeys.sty
Package: kvsetkeys 2019/12/15 v1.18 Key value parser (HO)
))
(/usr/local/texlive/2021/texmf-dist/tex/latex/graphics/graphicx.sty
Package: graphicx 2020/09/09 v1.2b Enhanced LaTeX Graphics (DPC,SPQR)

(/usr/local/texlive/2021/texmf-dist/tex/latex/graphics/graphics.sty
Package: graphics 2020/08/30 v1.4c Standard LaTeX Graphics (DPC,SPQR)

(/usr/local/texlive/2021/texmf-dist/tex/latex/graphics/trig.sty
Package: trig 2016/01/03 v1.10 sin cos tan (DPC)
)
(/usr/local/texlive/2021/texmf-dist/tex/latex/graphics-cfg/graphics.cfg
File: graphics.cfg 2016/06/04 v1.11 sample graphics configuration
)
Package graphics Info: Driver file: luatex.def on input line 105.
)
\Gin@req@height=\dimen150
\Gin@req@width=\dimen151
)
(/usr/local/texlive/2021/texmf-dist/tex/luatex/luatexbase/luatexbase.sty
Package: luatexbase 2015/10/04 v1.3 luatexbase interface to LuaTeX 

(/usr/local/texlive/2021/texmf-dist/tex/luatex/ctablestack/ctablestack.sty
Package: ctablestack 2015/10/01 v1.0 Catcode table stable support
\@catcodetablestackcnt=\count198
)
\CatcodeTableOther=\catcodetable12
\CatcodeTableExpl=\catcodetable13
)
(/usr/local/texlive/2021/texmf-dist/tex/luatex/luamplib/luamplib.sty
Package: luamplib 2021/03/11 v2.20.7 mplib package for LuaTeX
Lua module: luamplib 2021/03/11 2.20.7 Lua package to typeset Metapost with LuaT
eX's MPLib.
\mplibtmptoks=\toks17
\everymplibtoks=\toks18
\everyendmplibtoks=\toks19
\mplibscratchbox=\box48
)
(/usr/local/texlive/2021/texmf-dist/tex/generic/xstring/xstring.sty
(/usr/local/texlive/2021/texmf-dist/tex/generic/xstring/xstring.tex
\integerpart=\count199
\decimalpart=\count266
)
Package: xstring 2019/02/06 v1.83 String manipulations (CT)
)
(/usr/local/texlive/2021/texmf-dist/tex/luatex/gregoriotex/gregoriotex-main.tex

(/usr/local/texlive/2021/texmf-dist/tex/luatex/gregoriotex/gregoriotex-common.t
ex)
\gre@attr@dash=\attribute5
\gre@attr@center=\attribute6
\GreScoreId=\attribute7
\gre@attr@glyph@id=\attribute8
\gre@attr@glyph@top=\attribute9
\gre@attr@glyph@bottom=\attribute10
\gre@attr@syllable@id=\attribute11
\gre@atletter=\catcodetable14
Lua module: gregoriotex 2021/03/13 6.0.0 GregorioTeX module.
Custom whatsit marker = 1
Module gregoriotex Info: marker whatsit id is 1 on input line 121

(Alleluia_Fer_VI_ad_Vesperas_TP.gaux)
Inserting `gregoriotex.write_greaux' at position 2 in `finish_pdffile'.
\gre@gaux=\write3
\gre@read@temp=\read2
\gre@factor=\count267

(/usr/local/texlive/2021/texmf-dist/tex/luatex/gregoriotex/gregoriotex-spaces.t
ex
\gre@saved@prescore@hyphenpenalty=\count268
\gre@saved@prescore@exhyphenpenalty=\count269
\gre@saved@prescore@exhyphenchar=\count270
\gre@saved@prescore@doublehyphendemerits=\count271
\gre@saved@prescore@finalhyphendemerits=\count272
\gre@saved@prescore@brokenpenalty=\count273
\gre@saved@prescore@looseness=\count274
\gre@saved@prescore@tolerance=\count275
\gre@saved@prescore@pretolerance=\count276
\gre@saved@prescore@emergencystretch=\skip49
\gre@saved@prescore@widowpenalty=\count277
\gre@saved@prescore@clubpenalty=\count278
\gre@saved@prescore@parskip=\skip50
\gre@saved@prescore@lineskip=\skip51
\gre@saved@prescore@baselineskip=\skip52
\gre@saved@prescore@lineskiplimit=\skip53
\gre@dimen@textlower=\dimen152
\gre@dimen@stafflinewidth=\dimen153
\gre@dimen@linewidth=\dimen154
\gre@dimen@stafflineheight=\dimen155
\gre@dimen@interstafflinespace=\dimen156
\gre@dimen@stafflinediff=\dimen157
\gre@dimen@constantglyphraise=\dimen158
\gre@dimen@staffheight=\dimen159
\gre@skip@syllablefinalskip=\skip54
\gre@skip@minTextDistance=\skip55
\gre@skip@minNotesDistance=\skip56
\gre@dimen@curTextDistance=\dimen160
\gre@dimen@curNotesDistance=\dimen161
\gre@skip@minShiftText=\skip57
\gre@skip@minShiftNotes=\skip58
\gre@dimen@bolshift=\dimen162
\gre@dimen@bolextra=\dimen163
\gre@dimen@clefwidth@current=\dimen164
\gre@dimen@clefwidth@largest=\dimen165
\gre@dimen@clefwidth@bol=\dimen166
\gre@dimen@eolshift=\dimen167
\gre@dimen@glyphraisevalue=\dimen168
\gre@dimen@additionalbottomspace=\dimen169
\gre@dimen@additionaltopspace=\dimen170
\gre@dimen@additionaltopspacealt=\dimen171
\gre@dimen@additionaltopspacenabc=\dimen172
\gre@space@count@additionaltopspacethreshold=\count279
\gre@space@count@additionaltopspacealtthreshold=\count280
\gre@space@count@additionaltopspacenabcthreshold=\count281
\gre@space@count@noteadditionalspacelinestextthreshold=\count282
\gre@saved@prediscretionary@dimen@additionalbottomspace=\dimen173
\gre@saved@prediscretionary@dimen@additionaltopspace=\dimen174
\gre@saved@prediscretionary@dimen@additionaltopspacealt=\dimen175
\gre@saved@prediscretionary@dimen@additionaltopspacenabc=\dimen176
\gre@saved@prediscretionary@dimen@currenttranslationheight=\dimen177
\gre@saved@prediscretionary@dimen@textlower=\dimen178
\gre@saved@prediscretionary@dimen@currentabovelinestextheight=\dimen179
\gre@saved@prediscretionary@dimen@constantglyphraise=\dimen180
\gre@dimen@textaligncenter=\dimen181
\gre@dimen@enddifference=\dimen182
\gre@dimen@previousenddifference=\dimen183
\gre@dimen@currenttranslationheight=\dimen184
\gre@skip@nextbegindifference=\skip59
\gre@dimen@annotationtrueraise=\dimen185
\gre@dimen@commentarytrueraise=\dimen186
\gre@skip@bar@requirement=\skip60
\gre@skip@bar@allocation=\skip61
\gre@dimen@bar@shift=\dimen187
\gre@skip@text@requirement=\skip62
\gre@skip@text@allocation=\skip63
\gre@dimen@text@shift=\dimen188
\gre@dimen@adjustedpreviousenddifference=\dimen189
\gre@skip@adjustednextbegindifference=\dimen190
\gre@skip@punctummorashift=\skip64
\gre@skip@alterationshift=\skip65
\gre@dimen@begindifference=\dimen191
\gre@dimen@lastglyphwidth=\dimen192
\gre@dimen@notesaligncenter=\dimen193
\gre@dimen@additionalleftspace=\dimen194
\gre@dimen@initialwidth=\dimen195
\gre@dimen@currentabovelinestextheight=\dimen196
\gre@dimen@temp@one=\dimen197
\gre@dimen@temp@two=\dimen198
\gre@dimen@temp@three=\dimen199
\gre@dimen@temp@four=\dimen256
\gre@dimen@temp@five=\dimen257
\gre@skip@temp@one=\skip66
\gre@skip@temp@two=\skip67
\gre@skip@temp@three=\skip68
\gre@skip@temp@four=\skip69
\gre@count@temp@one=\count283
\gre@count@temp@two=\count284
\gre@count@temp@three=\count285
\gre@space@count@newlinepenalty=\count286
\gre@space@count@nobreakpenalty=\count287
\gre@space@count@endofwordpenalty=\count288
\gre@space@count@endofsyllablepenalty=\count289
\gre@space@count@endafterbarpenalty=\count290
\gre@space@count@endafterbaraltpenalty=\count291
\gre@space@count@finalpenalty=\count292
\gre@space@count@endofelementpenalty=\count293
\gre@space@count@hyphenpenalty=\count294
\gre@space@count@brokenpenalty=\count295
\gre@space@count@looseness=\count296
\gre@space@count@tolerance=\count297
\gre@space@count@pretolerance=\count298
\gre@space@count@widowpenalty=\count299
\gre@space@count@clubpenalty=\count300
\greconffactor=\count301
)
\gre@box@temp@width=\box49
\gre@box@initial=\box50
\gre@biginitial=\count302
\gre@knownline=\count303
\gre@box@annotation=\box51
\gre@box@add=\box52
\gre@box@old=\box53
\gre@count@annotationvalign=\count304
\gre@box@commentary=\box54
\gre@box@lines=\box55
Module gregoriotex Info: Registering variant font greciliae as gre@font@variant@
A. on input line 987
Module gregoriotex Info: Registering variant font greciliae-hollow as gre@font@v
ariant@B. on input line 987
Module gregoriotex Info: Registering variant font greciliae-hole as gre@font@var
iant@C. on input line 987
luaotfload | cache : Lookup cache loaded from /Users/matthewroth/Library/texlive
/2021/texmf-var/luatex-cache/generic/names/luaotfload-lookup-cache.luc.
Module gregoriotex Info: Mapping font greciliae on input line 992
Module gregoriotex Info: Mapping font greciliae-hollow on input line 992
Module gregoriotex Info: Mapping font greciliae-hole on input line 992

(/usr/local/texlive/2021/texmf-dist/tex/luatex/gregoriotex/gregoriotex-chars.te
x
\gre@box@hep=\box56
)
(/usr/local/texlive/2021/texmf-dist/tex/luatex/gregoriotex/gregoriotex-signs.te
x
\gre@box@temp@clef=\box57
\gre@box@temp@cleftwo=\box58
\greslurheight=\dimen258
\gre@box@temp@sign=\box59
\gre@count@shiftaftermora=\count305
\gre@dimen@morawidth=\dimen259
\gre@skip@bar@lastskip=\skip70
\gre@count@lastglyphiscavum=\count306
)
(/usr/local/texlive/2021/texmf-dist/tex/luatex/gregoriotex/gregoriotex-syllable
.tex
\gre@generate@pointandclick=\count307
\gre@box@syllablenotes=\box60
\gre@box@syllabletext=\box61
\gre@clivisalignment=\count308
\gre@count@unbreakabletotalnotes=\count309
\gre@count@unbreakableinitialnotes=\count310
\gre@count@unbreakablefinalnotes=\count311
\gre@count@syllablenotes=\count312
)
\gre@variableheightexpansion=\count313
\gre@lastoflinecount=\count314
\gre@saved@prenlba@nobreakpenalty=\count315
\gre@saved@prenlba@endofwordpenalty=\count316
\gre@saved@prenlba@endofsyllablepenalty=\count317
\gre@saved@prenlba@endafterbarpenalty=\count318
\gre@saved@prenlba@endafterbaraltpenalty=\count319
\gre@saved@prenlba@endofelementpenalty=\count320
\gre@saved@prenlba@hyphenpenalty=\count321
\gre@lasteuouaeindex=\count322

(/usr/local/texlive/2021/texmf-dist/tex/luatex/gregoriotex/gregoriotex-symbols.
tex
Module gregoriotex Info: Registering variant font greextra as gre@font@variant@D
. on input line 53
)
\gre@dimen@stafflinethicknessbase=\dimen260
\gre@dimen@glyphraisebase=\dimen261
\gre@dimen@interstafflinedistancebase=\dimen262
\gre@dimen@inclinatumonlinemoravshiftbase=\dimen263
\gre@dimen@inclinatumonlinemorahshiftbase=\dimen264
\gre@dimen@inclinatumofflinemorahshiftbase=\dimen265

(/usr/local/texlive/2021/texmf-dist/tex/luatex/gregoriotex/gregoriotex-gsp-defa
ult.tex)
(/usr/local/texlive/2021/texmf-dist/tex/luatex/gregoriotex/gregoriotex-nabc.tex
)))
Module gregoriotex Info: capturing header annotation using greannotation, string
=true, name=nil on input line 9

Package fontspec Info: Could not resolve font "EBGaramondItalic/B" (it
(fontspec)             probably doesn't exist).


Package fontspec Info: Could not resolve font "EBGaramondBold/I" (it probably
(fontspec)             doesn't exist).


Package fontspec Info: Could not resolve font "EBGaramondRegular/BI" (it
(fontspec)             probably doesn't exist).


Package fontspec Info: Font family 'EBGaramond(0)' created for font 'EB
(fontspec)             Garamond' with options [Ligatures=TeX,UprightFont=EB
(fontspec)             Garamond Regular,ItalicFont= EB Garamond
(fontspec)             Italic,BoldFont= EB Garamond
(fontspec)             Bold,Ligatures=Rare,StylisticSet=6,Numbers=Proportional,
Numbers=OldStyle].
(fontspec)              
(fontspec)              This font family consists of the following NFSS
(fontspec)             series/shapes:
(fontspec)              
(fontspec)             - 'normal' (m/n) with NFSS spec.:
(fontspec)             <->"EBGaramondRegular:mode=node;script=latn;language=dfl
t;+tlig;+dlig;+ss06;+pnum;+onum;"
(fontspec)             - 'small caps'  (m/sc) with NFSS spec.:
(fontspec)             <->"EBGaramondRegular:mode=node;script=latn;language=dfl
t;+tlig;+dlig;+ss06;+pnum;+onum;+smcp;"
(fontspec)             - 'bold' (b/n) with NFSS spec.:
(fontspec)             <->"EBGaramondBold:mode=node;script=latn;language=dflt;+
tlig;+dlig;+ss06;+pnum;+onum;"
(fontspec)             - 'bold small caps'  (b/sc) with NFSS spec.:
(fontspec)             <->"EBGaramondBold:mode=node;script=latn;language=dflt;+
tlig;+dlig;+ss06;+pnum;+onum;+smcp;"
(fontspec)             - 'italic' (m/it) with NFSS spec.:
(fontspec)             <->"EBGaramondItalic:mode=node;script=latn;language=dflt
;+tlig;+dlig;+ss06;+pnum;+onum;"
(fontspec)             - 'italic small caps'  (m/scit) with NFSS spec.:
(fontspec)             <->"EBGaramondItalic:mode=node;script=latn;language=dflt
;+tlig;+dlig;+ss06;+pnum;+onum;+smcp;"


No file Alleluia_Fer_VI_ad_Vesperas_TP.aux.

\openout1 = Alleluia_Fer_VI_ad_Vesperas_TP.aux
LaTeX Font Info:    Checking defaults for OML/cmm/m/it on input line 19.
LaTeX Font Info:    ... okay on input line 19.
LaTeX Font Info:    Checking defaults for OMS/cmsy/m/n on input line 19.
LaTeX Font Info:    ... okay on input line 19.
LaTeX Font Info:    Checking defaults for OT1/cmr/m/n on input line 19.
LaTeX Font Info:    ... okay on input line 19.
LaTeX Font Info:    Checking defaults for T1/cmr/m/n on input line 19.
LaTeX Font Info:    ... okay on input line 19.
LaTeX Font Info:    Checking defaults for TS1/cmr/m/n on input line 19.
LaTeX Font Info:    Trying to load font information for TS1+cmr on input line 1
9.
(/usr/local/texlive/2021/texmf-dist/tex/latex/base/ts1cmr.fd
File: ts1cmr.fd 2019/12/16 v2.5j Standard LaTeX font definitions
)
LaTeX Font Info:    ... okay on input line 19.
LaTeX Font Info:    Checking defaults for TU/lmr/m/n on input line 19.
LaTeX Font Info:    ... okay on input line 19.
LaTeX Font Info:    Checking defaults for OMX/cmex/m/n on input line 19.
LaTeX Font Info:    ... okay on input line 19.
LaTeX Font Info:    Checking defaults for U/cmr/m/n on input line 19.
LaTeX Font Info:    ... okay on input line 19.

*geometry* driver: auto-detecting
*geometry* detected driver: luatex
*geometry* verbose mode - [ preamble ] result:
* driver: luatex
* paper: custom
* layout: <same size as paper>
* layoutoffset:(h,v)=(0.0pt,0.0pt)
* modes: 
* h-part:(L,W,R)=(65.04366pt, 303.53267pt, 65.04367pt)
* v-part:(T,H,B)=(78.0524pt, 455.299pt, 117.0786pt)
* \paperwidth=433.62pt
* \paperheight=650.43pt
* \textwidth=303.53267pt
* \textheight=455.299pt
* \oddsidemargin=-7.22633pt
* \evensidemargin=-7.22633pt
* \topmargin=-31.21759pt
* \headheight=12.0pt
* \headsep=25.0pt
* \topskip=11.0pt
* \footskip=30.0pt
* \marginparwidth=59.0pt
* \marginparsep=10.0pt
* \columnsep=10.0pt
* \skip\footins=10.0pt plus 4.0pt minus 2.0pt
* \hoffset=0.0pt
* \voffset=0.0pt
* \mag=1000
* \@twocolumnfalse
* \@twosidefalse
* \@mparswitchfalse
* \@reversemarginfalse
* (1in=72.27pt=25.4mm, 1cm=28.453pt)


Package fontspec Info: Adjusting the maths setup (use [no-math] to avoid
(fontspec)             this).

\symlegacymaths=\mathgroup4
LaTeX Font Info:    Overwriting symbol font `legacymaths' in version `bold'
(Font)                  OT1/cmr/m/n --> OT1/cmr/bx/n on input line 19.
LaTeX Font Info:    Redeclaring math accent \acute on input line 19.
LaTeX Font Info:    Redeclaring math accent \grave on input line 19.
LaTeX Font Info:    Redeclaring math accent \ddot on input line 19.
LaTeX Font Info:    Redeclaring math accent \tilde on input line 19.
LaTeX Font Info:    Redeclaring math accent \bar on input line 19.
LaTeX Font Info:    Redeclaring math accent \breve on input line 19.
LaTeX Font Info:    Redeclaring math accent \check on input line 19.
LaTeX Font Info:    Redeclaring math accent \hat on input line 19.
LaTeX Font Info:    Redeclaring math accent \dot on input line 19.
LaTeX Font Info:    Redeclaring math accent \mathring on input line 19.
LaTeX Font Info:    Redeclaring math symbol \colon on input line 19.
LaTeX Font Info:    Redeclaring math symbol \Gamma on input line 19.
LaTeX Font Info:    Redeclaring math symbol \Delta on input line 19.
LaTeX Font Info:    Redeclaring math symbol \Theta on input line 19.
LaTeX Font Info:    Redeclaring math symbol \Lambda on input line 19.
LaTeX Font Info:    Redeclaring math symbol \Xi on input line 19.
LaTeX Font Info:    Redeclaring math symbol \Pi on input line 19.
LaTeX Font Info:    Redeclaring math symbol \Sigma on input line 19.
LaTeX Font Info:    Redeclaring math symbol \Upsilon on input line 19.
LaTeX Font Info:    Redeclaring math symbol \Phi on input line 19.
LaTeX Font Info:    Redeclaring math symbol \Psi on input line 19.
LaTeX Font Info:    Redeclaring math symbol \Omega on input line 19.
LaTeX Font Info:    Redeclaring math symbol \mathdollar on input line 19.
LaTeX Font Info:    Redeclaring symbol font `operators' on input line 19.
LaTeX Font Info:    Encoding `OT1' has changed to `TU' for symbol font
(Font)              `operators' in the math version `normal' on input line 19.
LaTeX Font Info:    Overwriting symbol font `operators' in version `normal'
(Font)                  OT1/cmr/m/n --> TU/EBGaramond(0)/m/n on input line 19.
LaTeX Font Info:    Encoding `OT1' has changed to `TU' for symbol font
(Font)              `operators' in the math version `bold' on input line 19.
LaTeX Font Info:    Overwriting symbol font `operators' in version `bold'
(Font)                  OT1/cmr/bx/n --> TU/EBGaramond(0)/m/n on input line 19.

LaTeX Font Info:    Overwriting symbol font `operators' in version `normal'
(Font)                  TU/EBGaramond(0)/m/n --> TU/EBGaramond(0)/m/n on input 
line 19.
LaTeX Font Info:    Overwriting math alphabet `\mathit' in version `normal'
(Font)                  OT1/cmr/m/it --> TU/EBGaramond(0)/m/it on input line 19
.
LaTeX Font Info:    Overwriting math alphabet `\mathbf' in version `normal'
(Font)                  OT1/cmr/bx/n --> TU/EBGaramond(0)/b/n on input line 19.

LaTeX Font Info:    Overwriting math alphabet `\mathsf' in version `normal'
(Font)                  OT1/cmss/m/n --> TU/lmss/m/n on input line 19.
LaTeX Font Info:    Overwriting math alphabet `\mathtt' in version `normal'
(Font)                  OT1/cmtt/m/n --> TU/lmtt/m/n on input line 19.
LaTeX Font Info:    Overwriting symbol font `operators' in version `bold'
(Font)                  TU/EBGaramond(0)/m/n --> TU/EBGaramond(0)/b/n on input 
line 19.
LaTeX Font Info:    Overwriting math alphabet `\mathit' in version `bold'
(Font)                  OT1/cmr/bx/it --> TU/EBGaramond(0)/b/it on input line 1
9.
LaTeX Font Info:    Overwriting math alphabet `\mathsf' in version `bold'
(Font)                  OT1/cmss/bx/n --> TU/lmss/b/n on input line 19.
LaTeX Font Info:    Overwriting math alphabet `\mathtt' in version `bold'
(Font)                  OT1/cmtt/m/n --> TU/lmtt/b/n on input line 19.
(/usr/local/texlive/2021/texmf-dist/tex/context/base/mkii/supp-pdf.mkii
[Loading MPS to PDF converter (version 2006.09.02).]
\scratchcounter=\count323
\scratchdimen=\dimen266
\scratchbox=\box62
\nofMPsegments=\count324
\nofMParguments=\count325
\everyMPshowfont=\toks20
\MPscratchCnt=\count326
\MPscratchDim=\dimen267
\MPnumerator=\count327
\makeMPintoPDFobject=\count328
\everyMPtoPDFconversion=\toks21
) (/usr/local/texlive/2021/texmf-dist/tex/latex/epstopdf-pkg/epstopdf-base.sty
Package: epstopdf-base 2020-01-24 v2.11 Base part for package epstopdf
Package epstopdf-base Info: Redefining graphics rule for `.eps' on input line 4
85.

(/usr/local/texlive/2021/texmf-dist/tex/latex/latexconfig/epstopdf-sys.cfg
File: epstopdf-sys.cfg 2010/07/13 v1.3 Configuration of (r)epstopdf for TeX Liv
e
))
LaTeX Font Info:    External font `cmex10' loaded for size
(Font)              <10.95> on input line 23.
LaTeX Font Info:    External font `cmex10' loaded for size
(Font)              <8> on input line 23.
LaTeX Font Info:    External font `cmex10' loaded for size
(Font)              <6> on input line 23.
Module gregoriotex Info: Looking in  on input line 25
Module gregoriotex Info: Found Alleluia_Fer_VI_ad_Vesperas_TP.gabc directly on i
nput line 25
Module gregoriotex Info: Looking in  on input line 25
Module gregoriotex Info: Cannot find Alleluia_Fer_VI_ad_Vesperas_TP-6_0_0.gtex o
n input line 25
Module gregoriotex Info: The file Alleluia_Fer_VI_ad_Vesperas_TP-6_0_0.gtex does
 not exist. Will use gabc file on input line 25
Module gregoriotex Info: compiling the score Alleluia_Fer_VI_ad_Vesperas_TP.gabc
... on input line 25
Module gregoriotex Info: will use gregorio on input line 25

(./Alleluia_Fer_VI_ad_Vesperas_TP-6_0_0.gtex
Removing  `luaotfload.harf.finalize_vlist' from `post_linebreak_filter'.
Inserting `gregoriotex.post_linebreak' at position 1 in `post_linebreak_filter'.
Inserting `luaotfload.harf.finalize_vlist' at position 2 in `post_linebreak_filt
er'.
Inserting `gregoriotex.disable_hyphenation' at position 1 in `hyphenate'.
Removing  `gregoriotex.post_linebreak' from `post_linebreak_filter'.
Removing  `gregoriotex.disable_hyphenation' from `hyphenate'.) [1

{/usr/local/texlive/2021/texmf-var/fonts/map/pdftex/updmap/pdftex.map}] (./Alle
luia_Fer_VI_ad_Vesperas_TP.aux))

Here is how much of LuaTeX's memory you used:
 22890 strings out of 478531
 100000,794899 words of node,token memory allocated
 537 words of node memory still in use:
   4 hlist, 1 vlist, 1 rule, 2 glue, 3 kern, 3 glyph, 24 attribute, 60 glue_spec
, 6 attribute_list, 1 write, 1 user_defined nodes
   avail lists: 2:1888,3:284,4:2,5:428,6:40,7:444,8:2,9:514
 42591 multiletter control sequences out of 65536+600000
 52 fonts using 13255495 bytes
 83i,5n,109p,627b,596s stack positions out of 5000i,500n,10000p,200000b,80000s
Module gregoriotex Info: Writing Alleluia_Fer_VI_ad_Vesperas_TP.gaux on input li
ne 0
Module gregoriotex Warning: Line heights or variable brace lengths may have chan
ged. Rerun to fix. on input line 0
</usr/local/texlive/2021/texmf-dist/fonts/truetype/public/gregoriotex/greciliae.
ttf></Users/matthewroth/Library/Fonts/EBGaramond-Regular.otf>
Output written on Alleluia_Fer_VI_ad_Vesperas_TP.pdf (1 page, 7580 bytes).

PDF statistics: 22 PDF objects out of 1000 (max. 8388607)
 12 compressed objects within 1 object stream
 0 named destinations out of 1000 (max. 131072)
 1 words of extra memory for PDF output out of 10000 (max. 100000000)

