This is LuaHBTeX, Version 1.13.0 (TeX Live 2021)  (format=lualatex 2021.12.28)  27 NOV 2022 21:59
 system commands enabled.
 file:line:error style messages enabled.
**Benediction.tex
(./Benediction.tex
LaTeX2e <2020-10-01> patch level 4
Lua module: luaotfload 2021-01-08 3.17 Lua based OpenType font support
Lua module: lualibs 2020-12-30 2.73 ConTeXt Lua standard libraries.
Lua module: lualibs-extended 2020-12-30 2.73 ConTeXt Lua libraries -- extended c
ollection.
luaotfload | conf : Root cache directory is "/Users/matthewroth/Library/texlive/
2021/texmf-var/luatex-cache/generic/names".
luaotfload | init : Loading fontloader "fontloader-2021-01-07.lua" from kpse-res
olved path "/usr/local/texlive/2021/texmf-dist/tex/luatex/luaotfload/fontloader-
2021-01-07.lua".
Lua-only attribute luaotfload@noligature = 1
Lua-only attribute luaotfload@syllabe = 2
luaotfload | init : Context OpenType loader version 0x1.8e76c8b439581p+1
Inserting `luaotfload.node_processor' at position 1 in `pre_linebreak_filter'.
Inserting `luaotfload.node_processor' at position 1 in `hpack_filter'.
Inserting `luaotfload.glyph_stream' at position 1 in `glyph_stream_provider'.
Inserting `luaotfload.define_font' at position 1 in `define_font'.
Lua-only attribute luaotfload_color_attribute = 3
luaotfload | conf : Root cache directory is "/Users/matthewroth/Library/texlive/
2021/texmf-var/luatex-cache/generic/names".
Inserting `luaotfload.harf.strip_prefix' at position 1 in `find_opentype_file'.
Inserting `luaotfload.harf.strip_prefix' at position 1 in `find_truetype_file'.
Inserting `luaotfload.harf.finalize_vlist' at position 1 in `post_linebreak_filt
er'.
Inserting `luaotfload.harf.finalize_hlist' at position 2 in `hpack_filter'.
Inserting `luaotfload.cleanup_files' at position 1 in `wrapup_run'.
Inserting `luaotfload.harf.finalize_unicode' at position 1 in `finish_pdffile'.
Inserting `luaotfload.glyphinfo' at position 1 in `glyph_info'.
Inserting `luaotfload.aux.set_sscale_dimens' at position 1 in `luaotfload.patch_
font'.
Inserting `luaotfload.aux.set_font_index' at position 2 in `luaotfload.patch_fon
t'.
Inserting `luaotfload.aux.patch_cambria_domh' at position 3 in `luaotfload.patch
_font'.
Inserting `luaotfload.aux.fixup_fontdata' at position 1 in `luaotfload.patch_fon
t_unsafe'.
Inserting `luaotfload.aux.set_capheight' at position 4 in `luaotfload.patch_font
'.
Inserting `luaotfload.aux.set_xheight' at position 5 in `luaotfload.patch_font'.
Inserting `luaotfload.rewrite_fontname' at position 6 in `luaotfload.patch_font'
. L3 programming layer <2021-02-18>
(/usr/local/texlive/2021/texmf-dist/tex/latex/base/book.cls
Document Class: book 2020/04/10 v1.4m Standard LaTeX document class
(/usr/local/texlive/2021/texmf-dist/tex/latex/base/bk11.clo
File: bk11.clo 2020/04/10 v1.4m Standard LaTeX file (size option)
luaotfload | db : Font names database loaded from /Users/matthewroth/Library/tex
live/2021/texmf-var/luatex-cache/generic/names/luaotfload-names.luc)
\c@part=\count175
\c@chapter=\count176
\c@section=\count177
\c@subsection=\count178
\c@subsubsection=\count179
\c@paragraph=\count180
\c@subparagraph=\count181
\c@figure=\count182
\c@table=\count183
\abovecaptionskip=\skip47
\belowcaptionskip=\skip48
\bibindent=\dimen138
)
(/usr/local/texlive/2021/texmf-dist/tex/latex/geometry/geometry.sty
Package: geometry 2020/01/02 v5.9 Page Geometry

(/usr/local/texlive/2021/texmf-dist/tex/latex/graphics/keyval.sty
Package: keyval 2014/10/28 v1.15 key=value parser (DPC)
\KV@toks@=\toks15
)
(/usr/local/texlive/2021/texmf-dist/tex/generic/iftex/ifvtex.sty
Package: ifvtex 2019/10/25 v1.7 ifvtex legacy package. Use iftex instead.

(/usr/local/texlive/2021/texmf-dist/tex/generic/iftex/iftex.sty
Package: iftex 2020/03/06 v1.0d TeX engine tests
))
\Gm@cnth=\count184
\Gm@cntv=\count185
\c@Gm@tempcnt=\count186
\Gm@bindingoffset=\dimen139
\Gm@wd@mp=\dimen140
\Gm@odd@mp=\dimen141
\Gm@even@mp=\dimen142
\Gm@layoutwidth=\dimen143
\Gm@layoutheight=\dimen144
\Gm@layouthoffset=\dimen145
\Gm@layoutvoffset=\dimen146
\Gm@dimlist=\toks16
)
(/usr/local/texlive/2021/texmf-dist/tex/latex/fontspec/fontspec.sty
(/usr/local/texlive/2021/texmf-dist/tex/latex/l3packages/xparse/xparse.sty
(/usr/local/texlive/2021/texmf-dist/tex/latex/l3kernel/expl3.sty
Package: expl3 2021-02-18 L3 programming layer (loader) 

(/usr/local/texlive/2021/texmf-dist/tex/latex/l3backend/l3backend-luatex.def
File: l3backend-luatex.def 2021-03-18 L3 backend support: PDF output (LuaTeX)
\l__color_backend_stack_int=\count187
\l__pdf_internal_box=\box47
))
(/usr/local/texlive/2021/texmf-dist/tex/latex/l3packages/xparse/xparse-2020-10-
01.sty
(/usr/local/texlive/2021/texmf-dist/tex/latex/l3packages/xparse/xparse-generic.
tex)))
Package: fontspec 2022/01/15 v2.8a Font selection for XeLaTeX and LuaLaTeX
Lua module: fontspec 2022/01/15 2.8a Font selection for XeLaTeX and LuaLaTeX
(/usr/local/texlive/2021/texmf-dist/tex/latex/fontspec/fontspec-luatex.sty
Package: fontspec-luatex 2022/01/15 v2.8a Font selection for XeLaTeX and LuaLaT
eX
\l__fontspec_script_int=\count188
\l__fontspec_language_int=\count189
\l__fontspec_strnum_int=\count190
\l__fontspec_tmp_int=\count191
\l__fontspec_tmpa_int=\count192
\l__fontspec_tmpb_int=\count193
\l__fontspec_tmpc_int=\count194
\l__fontspec_em_int=\count195
\l__fontspec_emdef_int=\count196
\l__fontspec_strong_int=\count197
\l__fontspec_strongdef_int=\count198
\l__fontspec_tmpa_dim=\dimen147
\l__fontspec_tmpb_dim=\dimen148
\l__fontspec_tmpc_dim=\dimen149

(/usr/local/texlive/2021/texmf-dist/tex/latex/base/fontenc.sty
Package: fontenc 2020/08/10 v2.0s Standard LaTeX package
)
(/usr/local/texlive/2021/texmf-dist/tex/latex/fontspec/fontspec.cfg)))
(/usr/local/texlive/2021/texmf-dist/tex/generic/babel/babel.sty
Package: babel 2022/02/26 3.73 The Babel package

(/usr/local/texlive/2021/texmf-dist/tex/generic/babel/luababel.def
\bbl@readstream=\read2
\l@dumylang=\language2
Package babel Info: Non-standard hyphenation setup on input line 118.
\l@nohyphenation=\language3
\l@german-x-2021-02-26=\language4
\l@ngerman-x-2021-02-26=\language5
\l@afrikaans=\language6
\l@ancientgreek=\language7
\l@ibycus=\language8
\l@arabic=\language9
\l@armenian=\language10
\l@basque=\language11
\l@belarusian=\language12
\l@bulgarian=\language13
\l@catalan=\language14
\l@pinyin=\language15
\l@churchslavonic=\language16
\l@coptic=\language17
\l@croatian=\language18
\l@czech=\language19
\l@danish=\language20
\l@dutch=\language21
\l@ukenglish=\language22
\l@usenglishmax=\language23
\l@esperanto=\language24
\l@estonian=\language25
\l@ethiopic=\language26
\l@farsi=\language27
\l@finnish=\language28
\l@schoolfinnish=\language29
\l@french=\language30
\l@friulan=\language31
\l@galician=\language32
\l@georgian=\language33
\l@german=\language34
\l@ngerman=\language35
\l@swissgerman=\language36
\l@greek=\language37
\l@monogreek=\language38
\l@hungarian=\language39
\l@icelandic=\language40
\l@assamese=\language41
\l@bengali=\language42
\l@gujarati=\language43
\l@hindi=\language44
\l@kannada=\language45
\l@malayalam=\language46
\l@marathi=\language47
\l@oriya=\language48
\l@pali=\language49
\l@panjabi=\language50
\l@tamil=\language51
\l@telugu=\language52
\l@indonesian=\language53
\l@interlingua=\language54
\l@irish=\language55
\l@italian=\language56
\l@kurmanji=\language57
\l@classiclatin=\language58
\l@latin=\language59
\l@liturgicallatin=\language60
\l@latvian=\language61
\l@lithuanian=\language62
\l@macedonian=\language63
\l@mongolian=\language64
\l@mongolianlmc=\language65
\l@bokmal=\language66
\l@nynorsk=\language67
\l@occitan=\language68
\l@piedmontese=\language69
\l@polish=\language70
\l@portuguese=\language71
\l@romanian=\language72
\l@romansh=\language73
\l@russian=\language74
\l@sanskrit=\language75
\l@serbian=\language76
\l@serbianc=\language77
\l@slovak=\language78
\l@slovenian=\language79
\l@spanish=\language80
\l@swedish=\language81
\l@thai=\language82
\l@turkish=\language83
\l@turkmen=\language84
\l@ukrainian=\language85
\l@uppersorbian=\language86
\l@welsh=\language87
\babelcatcodetablenum=\catcodetable12
\bbl@pattcodes=\catcodetable13
)
\babel@savecnt=\count199
\U@D=\dimen150
\l@unhyphenated=\language88

(/usr/local/texlive/2021/texmf-dist/tex/generic/babel/luababel.def
\bbl@attr@locale=\attribute4
)
(/usr/local/texlive/2021/texmf-dist/tex/generic/babel-english/english.ldf
Language: english 2017/06/06 v3.3r English support from the babel system
Package babel Info: Hyphen rules for 'canadian' set to \l@english
(babel)             (\language0). Reported on input line 102.
Package babel Info: Hyphen rules for 'australian' set to \l@ukenglish
(babel)             (\language22). Reported on input line 105.
Package babel Info: Hyphen rules for 'newzealand' set to \l@ukenglish
(babel)             (\language22). Reported on input line 108.
)
(/usr/local/texlive/2021/texmf-dist/tex/generic/babel-latin/ecclesiasticlatin.l
df
Language: ecclesiasticlatin 
 (/usr/local/texlive/2021/texmf-dist/tex/generic/babel-latin/latin.ldf
Language: latin 2021-06-27 v4.0 Latin support from the babel system
Package babel Info: Hyphen rules for 'ecclesiasticlatin' set to \l@latin
(babel)             (\language59). Reported on input line 56.
Package babel Info: Making " an active character on input line 135.
Lua module: ecclesiasticlatin 2021-06-27 4.0 babel-latin punctuation spacing for
 ecclesiastic Latin
Lua-only attribute ecclesiasticlatin_punct = 5
(/usr/local/texlive/2021/texmf-dist/tex/generic/hyph-utf8/loadhyph/loadhyph-la.
tex UTF-8 Latin hyphenation patterns
(/usr/local/texlive/2021/texmf-dist/tex/generic/hyph-utf8/patterns/tex/hyph-la.
tex)))))
Package babel Info: Hyphen rules for 'ecclesiasticlatin' set to \l@latin
(babel)             (\language59). Reported on input line 6.

(/usr/local/texlive/2021/texmf-dist/tex/generic/babel/locale/la/babel-ecclesias
ticlatin.tex
Package babel Info: Importing basic data for ecclesiasticlatin
(babel)             from babel-la-x-ecclesia.ini. Reported on input line 9.
) (/usr/local/texlive/2021/texmf-dist/tex/latex/tools/xspace.sty
Package: xspace 2014/10/28 v1.13 Space after command names (DPC,MH)
)
(/usr/local/texlive/2021/texmf-dist/tex/latex/paracol/paracol.sty
Package: paracol 2018/12/31 v1.35 
\pcol@currcol=\count266
\pcol@nextcol=\count267
\pcol@ncol=\count268
\pcol@ncolleft=\count269
\pcol@page=\count270
\pcol@basepage=\count271
\pcol@toppage=\count272
\pcol@footnotebase=\count273
\pcol@nfootnotes=\count274
\pcol@mcid=\count275
\pcol@prevdepth=\dimen151
\pcol@colht=\dimen152
\pcol@textfloatsep=\dimen153
\pcol@lrmargin=\dimen154
\pagerim=\dimen155
\pcol@topskip=\skip49
\belowfootnoteskip=\skip50
\pcol@topfnotes=\box48
\pcol@prespan=\box49
\pcol@rightpage=\box50
\pcol@colorstack@saved=\box51
\pcol@tempboxa=\box52
\pcol@tempboxb=\box53
\pcol@colorins=\insert252
\pcol@everyvbox=\toks17
)
(/usr/local/texlive/2021/texmf-dist/tex/latex/fancyhdr/fancyhdr.sty
Package: fancyhdr 2021/01/28 v4.0.1 Extensive control of page headers and foote
rs
\f@nch@headwidth=\skip51
\f@nch@O@elh=\skip52
\f@nch@O@erh=\skip53
\f@nch@O@olh=\skip54
\f@nch@O@orh=\skip55
\f@nch@O@elf=\skip56
\f@nch@O@erf=\skip57
\f@nch@O@olf=\skip58
\f@nch@O@orf=\skip59
)
(/usr/local/texlive/2021/texmf-dist/tex/latex/needspace/needspace.sty
Package: needspace 2010/09/12 v1.3d reserve vertical space
)
(/usr/local/texlive/2021/texmf-dist/tex/latex/titlesec/titlesec.sty
Package: titlesec 2019/10/16 v2.13 Sectioning titles
\ttl@box=\box54
\beforetitleunit=\skip60
\aftertitleunit=\skip61
\ttl@plus=\dimen156
\ttl@minus=\dimen157
\ttl@toksa=\toks18
\titlewidth=\dimen158
\titlewidthlast=\dimen159
\titlewidthfirst=\dimen160
)
(/usr/local/texlive/2021/texmf-dist/tex/latex/graphics/graphicx.sty
Package: graphicx 2020/09/09 v1.2b Enhanced LaTeX Graphics (DPC,SPQR)

(/usr/local/texlive/2021/texmf-dist/tex/latex/graphics/graphics.sty
Package: graphics 2020/08/30 v1.4c Standard LaTeX Graphics (DPC,SPQR)

(/usr/local/texlive/2021/texmf-dist/tex/latex/graphics/trig.sty
Package: trig 2016/01/03 v1.10 sin cos tan (DPC)
)
(/usr/local/texlive/2021/texmf-dist/tex/latex/graphics-cfg/graphics.cfg
File: graphics.cfg 2016/06/04 v1.11 sample graphics configuration
)
Package graphics Info: Driver file: luatex.def on input line 105.

(/usr/local/texlive/2021/texmf-dist/tex/latex/graphics-def/luatex.def
File: luatex.def 2020/10/05 v1.2a Graphics/color driver for luatex
))
\Gin@req@height=\dimen161
\Gin@req@width=\dimen162
)
(/usr/local/texlive/2021/texmf-dist/tex/latex/enumitem/enumitem.sty
Package: enumitem 2019/06/20 v3.9 Customized lists
\labelindent=\skip62
\enit@outerparindent=\dimen163
\enit@toks=\toks19
\enit@inbox=\box55
\enit@count@id=\count276
\enitdp@description=\count277
)
(/usr/local/texlive/2021/texmf-dist/tex/lualatex/gregoriotex/gregoriotex.sty
Package: gregoriotex 2021/03/13 v6.0.0 GregorioTeX system.

(/usr/local/texlive/2021/texmf-dist/tex/latex/xcolor/xcolor.sty
Package: xcolor 2016/05/11 v2.12 LaTeX color extensions (UK)

(/usr/local/texlive/2021/texmf-dist/tex/latex/graphics-cfg/color.cfg
File: color.cfg 2016/01/02 v1.6 sample color configuration
)
Package xcolor Info: Driver file: luatex.def on input line 225.
Package xcolor Info: Model `cmy' substituted by `cmy0' on input line 1348.
Package xcolor Info: Model `hsb' substituted by `rgb' on input line 1352.
Package xcolor Info: Model `RGB' extended on input line 1364.
Package xcolor Info: Model `HTML' substituted by `rgb' on input line 1366.
Package xcolor Info: Model `Hsb' substituted by `hsb' on input line 1367.
Package xcolor Info: Model `tHsb' substituted by `hsb' on input line 1368.
Package xcolor Info: Model `HSB' substituted by `hsb' on input line 1369.
Package xcolor Info: Model `Gray' substituted by `gray' on input line 1370.
Package xcolor Info: Model `wave' substituted by `hsb' on input line 1371.
)
(/usr/local/texlive/2021/texmf-dist/tex/latex/luacolor/luacolor.sty
Package: luacolor 2021-02-17 v1.17 Color support via LuaTeX's attributes (HO)
\LuaCol@Attribute=\attribute6

(/usr/local/texlive/2021/texmf-dist/tex/latex/base/atbegshi-ltx.sty
Package: atbegshi-ltx 2020/08/17 v1.0a Emulation of the original atbegshi packa
ge
with kernel methods
))
(/usr/local/texlive/2021/texmf-dist/tex/latex/kvoptions/kvoptions.sty
Package: kvoptions 2020-10-07 v3.14 Key value format for package options (HO)

(/usr/local/texlive/2021/texmf-dist/tex/generic/ltxcmds/ltxcmds.sty
Package: ltxcmds 2020-05-10 v1.25 LaTeX kernel commands for general use (HO)
)
(/usr/local/texlive/2021/texmf-dist/tex/generic/kvsetkeys/kvsetkeys.sty
Package: kvsetkeys 2019/12/15 v1.18 Key value parser (HO)
))
(/usr/local/texlive/2021/texmf-dist/tex/luatex/luatexbase/luatexbase.sty
Package: luatexbase 2015/10/04 v1.3 luatexbase interface to LuaTeX 

(/usr/local/texlive/2021/texmf-dist/tex/luatex/ctablestack/ctablestack.sty
Package: ctablestack 2015/10/01 v1.0 Catcode table stable support
\@catcodetablestackcnt=\count278
)
\CatcodeTableOther=\catcodetable14
\CatcodeTableExpl=\catcodetable15
)
(/usr/local/texlive/2021/texmf-dist/tex/luatex/luamplib/luamplib.sty
Package: luamplib 2021/03/11 v2.20.7 mplib package for LuaTeX
Lua module: luamplib 2021/03/11 2.20.7 Lua package to typeset Metapost with LuaT
eX's MPLib.
\mplibtmptoks=\toks20
\everymplibtoks=\toks21
\everyendmplibtoks=\toks22
\mplibscratchbox=\box56
)
(/usr/local/texlive/2021/texmf-dist/tex/generic/xstring/xstring.sty
(/usr/local/texlive/2021/texmf-dist/tex/generic/xstring/xstring.tex
\integerpart=\count279
\decimalpart=\count280
)
Package: xstring 2019/02/06 v1.83 String manipulations (CT)
)
(/usr/local/texlive/2021/texmf-dist/tex/luatex/gregoriotex/gregoriotex-main.tex

(/usr/local/texlive/2021/texmf-dist/tex/luatex/gregoriotex/gregoriotex-common.t
ex)
\gre@attr@dash=\attribute7
\gre@attr@center=\attribute8
\GreScoreId=\attribute9
\gre@attr@glyph@id=\attribute10
\gre@attr@glyph@top=\attribute11
\gre@attr@glyph@bottom=\attribute12
\gre@attr@syllable@id=\attribute13
\gre@atletter=\catcodetable16
Lua module: gregoriotex 2021/03/13 6.0.0 GregorioTeX module.
Custom whatsit marker = 1
Module gregoriotex Info: marker whatsit id is 1 on input line 121

(Benediction.gaux)
Module gregoriotex Info: Reading Benediction.gaux on input line 125
Inserting `gregoriotex.write_greaux' at position 2 in `finish_pdffile'.
\gre@gaux=\write3
\gre@read@temp=\read3
\gre@factor=\count281

(/usr/local/texlive/2021/texmf-dist/tex/luatex/gregoriotex/gregoriotex-spaces.t
ex
\gre@saved@prescore@hyphenpenalty=\count282
\gre@saved@prescore@exhyphenpenalty=\count283
\gre@saved@prescore@exhyphenchar=\count284
\gre@saved@prescore@doublehyphendemerits=\count285
\gre@saved@prescore@finalhyphendemerits=\count286
\gre@saved@prescore@brokenpenalty=\count287
\gre@saved@prescore@looseness=\count288
\gre@saved@prescore@tolerance=\count289
\gre@saved@prescore@pretolerance=\count290
\gre@saved@prescore@emergencystretch=\skip63
\gre@saved@prescore@widowpenalty=\count291
\gre@saved@prescore@clubpenalty=\count292
\gre@saved@prescore@parskip=\skip64
\gre@saved@prescore@lineskip=\skip65
\gre@saved@prescore@baselineskip=\skip66
\gre@saved@prescore@lineskiplimit=\skip67
\gre@dimen@textlower=\dimen164
\gre@dimen@stafflinewidth=\dimen165
\gre@dimen@linewidth=\dimen166
\gre@dimen@stafflineheight=\dimen167
\gre@dimen@interstafflinespace=\dimen168
\gre@dimen@stafflinediff=\dimen169
\gre@dimen@constantglyphraise=\dimen170
\gre@dimen@staffheight=\dimen171
\gre@skip@syllablefinalskip=\skip68
\gre@skip@minTextDistance=\skip69
\gre@skip@minNotesDistance=\skip70
\gre@dimen@curTextDistance=\dimen172
\gre@dimen@curNotesDistance=\dimen173
\gre@skip@minShiftText=\skip71
\gre@skip@minShiftNotes=\skip72
\gre@dimen@bolshift=\dimen174
\gre@dimen@bolextra=\dimen175
\gre@dimen@clefwidth@current=\dimen176
\gre@dimen@clefwidth@largest=\dimen177
\gre@dimen@clefwidth@bol=\dimen178
\gre@dimen@eolshift=\dimen179
\gre@dimen@glyphraisevalue=\dimen180
\gre@dimen@additionalbottomspace=\dimen181
\gre@dimen@additionaltopspace=\dimen182
\gre@dimen@additionaltopspacealt=\dimen183
\gre@dimen@additionaltopspacenabc=\dimen184
\gre@space@count@additionaltopspacethreshold=\count293
\gre@space@count@additionaltopspacealtthreshold=\count294
\gre@space@count@additionaltopspacenabcthreshold=\count295
\gre@space@count@noteadditionalspacelinestextthreshold=\count296
\gre@saved@prediscretionary@dimen@additionalbottomspace=\dimen185
\gre@saved@prediscretionary@dimen@additionaltopspace=\dimen186
\gre@saved@prediscretionary@dimen@additionaltopspacealt=\dimen187
\gre@saved@prediscretionary@dimen@additionaltopspacenabc=\dimen188
\gre@saved@prediscretionary@dimen@currenttranslationheight=\dimen189
\gre@saved@prediscretionary@dimen@textlower=\dimen190
\gre@saved@prediscretionary@dimen@currentabovelinestextheight=\dimen191
\gre@saved@prediscretionary@dimen@constantglyphraise=\dimen192
\gre@dimen@textaligncenter=\dimen193
\gre@dimen@enddifference=\dimen194
\gre@dimen@previousenddifference=\dimen195
\gre@dimen@currenttranslationheight=\dimen196
\gre@skip@nextbegindifference=\skip73
\gre@dimen@annotationtrueraise=\dimen197
\gre@dimen@commentarytrueraise=\dimen198
\gre@skip@bar@requirement=\skip74
\gre@skip@bar@allocation=\skip75
\gre@dimen@bar@shift=\dimen199
\gre@skip@text@requirement=\skip76
\gre@skip@text@allocation=\skip77
\gre@dimen@text@shift=\dimen256
\gre@dimen@adjustedpreviousenddifference=\dimen257
\gre@skip@adjustednextbegindifference=\dimen258
\gre@skip@punctummorashift=\skip78
\gre@skip@alterationshift=\skip79
\gre@dimen@begindifference=\dimen259
\gre@dimen@lastglyphwidth=\dimen260
\gre@dimen@notesaligncenter=\dimen261
\gre@dimen@additionalleftspace=\dimen262
\gre@dimen@initialwidth=\dimen263
\gre@dimen@currentabovelinestextheight=\dimen264
\gre@dimen@temp@one=\dimen265
\gre@dimen@temp@two=\dimen266
\gre@dimen@temp@three=\dimen267
\gre@dimen@temp@four=\dimen268
\gre@dimen@temp@five=\dimen269
\gre@skip@temp@one=\skip80
\gre@skip@temp@two=\skip81
\gre@skip@temp@three=\skip82
\gre@skip@temp@four=\skip83
\gre@count@temp@one=\count297
\gre@count@temp@two=\count298
\gre@count@temp@three=\count299
\gre@space@count@newlinepenalty=\count300
\gre@space@count@nobreakpenalty=\count301
\gre@space@count@endofwordpenalty=\count302
\gre@space@count@endofsyllablepenalty=\count303
\gre@space@count@endafterbarpenalty=\count304
\gre@space@count@endafterbaraltpenalty=\count305
\gre@space@count@finalpenalty=\count306
\gre@space@count@endofelementpenalty=\count307
\gre@space@count@hyphenpenalty=\count308
\gre@space@count@brokenpenalty=\count309
\gre@space@count@looseness=\count310
\gre@space@count@tolerance=\count311
\gre@space@count@pretolerance=\count312
\gre@space@count@widowpenalty=\count313
\gre@space@count@clubpenalty=\count314
\greconffactor=\count315
)
\gre@box@temp@width=\box57
\gre@box@initial=\box58
\gre@biginitial=\count316
\gre@knownline=\count317
\gre@box@annotation=\box59
\gre@box@add=\box60
\gre@box@old=\box61
\gre@count@annotationvalign=\count318
\gre@box@commentary=\box62
\gre@box@lines=\box63
Module gregoriotex Info: Registering variant font greciliae as gre@font@variant@
A. on input line 987
Module gregoriotex Info: Registering variant font greciliae-hollow as gre@font@v
ariant@B. on input line 987
Module gregoriotex Info: Registering variant font greciliae-hole as gre@font@var
iant@C. on input line 987
luaotfload | cache : Lookup cache loaded from /Users/matthewroth/Library/texlive
/2021/texmf-var/luatex-cache/generic/names/luaotfload-lookup-cache.luc.
Module gregoriotex Info: Mapping font greciliae on input line 992
Module gregoriotex Info: Mapping font greciliae-hollow on input line 992
Module gregoriotex Info: Mapping font greciliae-hole on input line 992

(/usr/local/texlive/2021/texmf-dist/tex/luatex/gregoriotex/gregoriotex-chars.te
x
\gre@box@hep=\box64
)
(/usr/local/texlive/2021/texmf-dist/tex/luatex/gregoriotex/gregoriotex-signs.te
x
\gre@box@temp@clef=\box65
\gre@box@temp@cleftwo=\box66
\greslurheight=\dimen270
\gre@box@temp@sign=\box67
\gre@count@shiftaftermora=\count319
\gre@dimen@morawidth=\dimen271
\gre@skip@bar@lastskip=\skip84
\gre@count@lastglyphiscavum=\count320
)
(/usr/local/texlive/2021/texmf-dist/tex/luatex/gregoriotex/gregoriotex-syllable
.tex
\gre@generate@pointandclick=\count321
\gre@box@syllablenotes=\box68
\gre@box@syllabletext=\box69
\gre@clivisalignment=\count322
\gre@count@unbreakabletotalnotes=\count323
\gre@count@unbreakableinitialnotes=\count324
\gre@count@unbreakablefinalnotes=\count325
\gre@count@syllablenotes=\count326
)
\gre@variableheightexpansion=\count327
\gre@lastoflinecount=\count328
\gre@saved@prenlba@nobreakpenalty=\count329
\gre@saved@prenlba@endofwordpenalty=\count330
\gre@saved@prenlba@endofsyllablepenalty=\count331
\gre@saved@prenlba@endafterbarpenalty=\count332
\gre@saved@prenlba@endafterbaraltpenalty=\count333
\gre@saved@prenlba@endofelementpenalty=\count334
\gre@saved@prenlba@hyphenpenalty=\count335
\gre@lasteuouaeindex=\count336

(/usr/local/texlive/2021/texmf-dist/tex/luatex/gregoriotex/gregoriotex-symbols.
tex
Module gregoriotex Info: Registering variant font greextra as gre@font@variant@D
. on input line 53
)
\gre@dimen@stafflinethicknessbase=\dimen272
\gre@dimen@glyphraisebase=\dimen273
\gre@dimen@interstafflinedistancebase=\dimen274
\gre@dimen@inclinatumonlinemoravshiftbase=\dimen275
\gre@dimen@inclinatumonlinemorahshiftbase=\dimen276
\gre@dimen@inclinatumofflinemorahshiftbase=\dimen277

(/usr/local/texlive/2021/texmf-dist/tex/luatex/gregoriotex/gregoriotex-gsp-defa
ult.tex)
(/usr/local/texlive/2021/texmf-dist/tex/luatex/gregoriotex/gregoriotex-nabc.tex
)))
Module gregoriotex Info: capturing header annotation using greannotation, string
=true, name=nil on input line 41

Package fontspec Info: Could not resolve font "EBGaramondItalic/B" (it
(fontspec)             probably doesn't exist).


Package fontspec Info: Could not resolve font "EBGaramondBold/I" (it probably
(fontspec)             doesn't exist).


Package fontspec Info: Could not resolve font "EBGaramondRegular/BI" (it
(fontspec)             probably doesn't exist).


Package fontspec Info: Font family 'EBGaramond(0)' created for font 'EB
(fontspec)             Garamond' with options [Ligatures=TeX,UprightFont=EB
(fontspec)             Garamond Regular,ItalicFont= EB Garamond
(fontspec)             Italic,BoldFont= EB Garamond
(fontspec)             Bold,Ligatures=Rare,StylisticSet=6,Numbers=Proportional,
Numbers=OldStyle].
(fontspec)              
(fontspec)              This font family consists of the following NFSS
(fontspec)             series/shapes:
(fontspec)              
(fontspec)             - 'normal' (m/n) with NFSS spec.:
(fontspec)             <->"EBGaramondRegular:mode=node;script=latn;language=dfl
t;+tlig;+dlig;+ss06;+pnum;+onum;"
(fontspec)             - 'small caps'  (m/sc) with NFSS spec.:
(fontspec)             <->"EBGaramondRegular:mode=node;script=latn;language=dfl
t;+tlig;+dlig;+ss06;+pnum;+onum;+smcp;"
(fontspec)             - 'bold' (b/n) with NFSS spec.:
(fontspec)             <->"EBGaramondBold:mode=node;script=latn;language=dflt;+
tlig;+dlig;+ss06;+pnum;+onum;"
(fontspec)             - 'bold small caps'  (b/sc) with NFSS spec.:
(fontspec)             <->"EBGaramondBold:mode=node;script=latn;language=dflt;+
tlig;+dlig;+ss06;+pnum;+onum;+smcp;"
(fontspec)             - 'italic' (m/it) with NFSS spec.:
(fontspec)             <->"EBGaramondItalic:mode=node;script=latn;language=dflt
;+tlig;+dlig;+ss06;+pnum;+onum;"
(fontspec)             - 'italic small caps'  (m/scit) with NFSS spec.:
(fontspec)             <->"EBGaramondItalic:mode=node;script=latn;language=dflt
;+tlig;+dlig;+ss06;+pnum;+onum;+smcp;"

 (./Benediction.aux
Inserting `ecclesiasticlatin-punct.process' at position 2 in `pre_linebreak_filt
er'.
Inserting `ecclesiasticlatin-punct.process' at position 3 in `hpack_filter'.)
\openout1 = Benediction.aux

LaTeX Font Info:    Checking defaults for OML/cmm/m/it on input line 136.
LaTeX Font Info:    ... okay on input line 136.
LaTeX Font Info:    Checking defaults for OMS/cmsy/m/n on input line 136.
LaTeX Font Info:    ... okay on input line 136.
LaTeX Font Info:    Checking defaults for OT1/cmr/m/n on input line 136.
LaTeX Font Info:    ... okay on input line 136.
LaTeX Font Info:    Checking defaults for T1/cmr/m/n on input line 136.
LaTeX Font Info:    ... okay on input line 136.
LaTeX Font Info:    Checking defaults for TS1/cmr/m/n on input line 136.
LaTeX Font Info:    Trying to load font information for TS1+cmr on input line 1
36.

(/usr/local/texlive/2021/texmf-dist/tex/latex/base/ts1cmr.fd
File: ts1cmr.fd 2019/12/16 v2.5j Standard LaTeX font definitions
)
LaTeX Font Info:    ... okay on input line 136.
LaTeX Font Info:    Checking defaults for TU/lmr/m/n on input line 136.
LaTeX Font Info:    ... okay on input line 136.
LaTeX Font Info:    Checking defaults for OMX/cmex/m/n on input line 136.
LaTeX Font Info:    ... okay on input line 136.
LaTeX Font Info:    Checking defaults for U/cmr/m/n on input line 136.
LaTeX Font Info:    ... okay on input line 136.

*geometry* driver: auto-detecting
*geometry* detected driver: luatex
*geometry* verbose mode - [ preamble ] result:
* driver: luatex
* paper: a5paper
* layout: <same size as paper>
* layoutoffset:(h,v)=(0.0pt,0.0pt)
* modes: twoside 
* h-part:(L,W,R)=(42.67912pt, 349.96892pt, 28.45274pt)
* v-part:(T,H,B)=(34.1433pt, 520.68546pt, 42.67912pt)
* \paperwidth=421.10078pt
* \paperheight=597.50787pt
* \textwidth=349.96892pt
* \textheight=520.68546pt
* \oddsidemargin=-29.59087pt
* \evensidemargin=-43.81725pt
* \topmargin=-58.6625pt
* \headheight=12.0pt
* \headsep=8.53581pt
* \topskip=11.0pt
* \footskip=27.46295pt
* \marginparwidth=116.0pt
* \marginparsep=7.0pt
* \columnsep=10.0pt
* \skip\footins=10.0pt plus 4.0pt minus 2.0pt
* \hoffset=0.0pt
* \voffset=0.0pt
* \mag=1000
* \@twocolumnfalse
* \@twosidetrue
* \@mparswitchtrue
* \@reversemarginfalse
* (1in=72.27pt=25.4mm, 1cm=28.453pt)


Package fontspec Info: Adjusting the maths setup (use [no-math] to avoid
(fontspec)             this).

\symlegacymaths=\mathgroup4
LaTeX Font Info:    Overwriting symbol font `legacymaths' in version `bold'
(Font)                  OT1/cmr/m/n --> OT1/cmr/bx/n on input line 136.
LaTeX Font Info:    Redeclaring math accent \acute on input line 136.
LaTeX Font Info:    Redeclaring math accent \grave on input line 136.
LaTeX Font Info:    Redeclaring math accent \ddot on input line 136.
LaTeX Font Info:    Redeclaring math accent \tilde on input line 136.
LaTeX Font Info:    Redeclaring math accent \bar on input line 136.
LaTeX Font Info:    Redeclaring math accent \breve on input line 136.
LaTeX Font Info:    Redeclaring math accent \check on input line 136.
LaTeX Font Info:    Redeclaring math accent \hat on input line 136.
LaTeX Font Info:    Redeclaring math accent \dot on input line 136.
LaTeX Font Info:    Redeclaring math accent \mathring on input line 136.
LaTeX Font Info:    Redeclaring math symbol \colon on input line 136.
LaTeX Font Info:    Redeclaring math symbol \Gamma on input line 136.
LaTeX Font Info:    Redeclaring math symbol \Delta on input line 136.
LaTeX Font Info:    Redeclaring math symbol \Theta on input line 136.
LaTeX Font Info:    Redeclaring math symbol \Lambda on input line 136.
LaTeX Font Info:    Redeclaring math symbol \Xi on input line 136.
LaTeX Font Info:    Redeclaring math symbol \Pi on input line 136.
LaTeX Font Info:    Redeclaring math symbol \Sigma on input line 136.
LaTeX Font Info:    Redeclaring math symbol \Upsilon on input line 136.
LaTeX Font Info:    Redeclaring math symbol \Phi on input line 136.
LaTeX Font Info:    Redeclaring math symbol \Psi on input line 136.
LaTeX Font Info:    Redeclaring math symbol \Omega on input line 136.
LaTeX Font Info:    Redeclaring math symbol \mathdollar on input line 136.
LaTeX Font Info:    Redeclaring symbol font `operators' on input line 136.
LaTeX Font Info:    Encoding `OT1' has changed to `TU' for symbol font
(Font)              `operators' in the math version `normal' on input line 136.

LaTeX Font Info:    Overwriting symbol font `operators' in version `normal'
(Font)                  OT1/cmr/m/n --> TU/EBGaramond(0)/m/n on input line 136.

LaTeX Font Info:    Encoding `OT1' has changed to `TU' for symbol font
(Font)              `operators' in the math version `bold' on input line 136.
LaTeX Font Info:    Overwriting symbol font `operators' in version `bold'
(Font)                  OT1/cmr/bx/n --> TU/EBGaramond(0)/m/n on input line 136
.
LaTeX Font Info:    Overwriting symbol font `operators' in version `normal'
(Font)                  TU/EBGaramond(0)/m/n --> TU/EBGaramond(0)/m/n on input 
line 136.
LaTeX Font Info:    Overwriting math alphabet `\mathit' in version `normal'
(Font)                  OT1/cmr/m/it --> TU/EBGaramond(0)/m/it on input line 13
6.
LaTeX Font Info:    Overwriting math alphabet `\mathbf' in version `normal'
(Font)                  OT1/cmr/bx/n --> TU/EBGaramond(0)/b/n on input line 136
.
LaTeX Font Info:    Overwriting math alphabet `\mathsf' in version `normal'
(Font)                  OT1/cmss/m/n --> TU/lmss/m/n on input line 136.
LaTeX Font Info:    Overwriting math alphabet `\mathtt' in version `normal'
(Font)                  OT1/cmtt/m/n --> TU/lmtt/m/n on input line 136.
LaTeX Font Info:    Overwriting symbol font `operators' in version `bold'
(Font)                  TU/EBGaramond(0)/m/n --> TU/EBGaramond(0)/b/n on input 
line 136.
LaTeX Font Info:    Overwriting math alphabet `\mathit' in version `bold'
(Font)                  OT1/cmr/bx/it --> TU/EBGaramond(0)/b/it on input line 1
36.
LaTeX Font Info:    Overwriting math alphabet `\mathsf' in version `bold'
(Font)                  OT1/cmss/bx/n --> TU/lmss/b/n on input line 136.
LaTeX Font Info:    Overwriting math alphabet `\mathtt' in version `bold'
(Font)                  OT1/cmtt/m/n --> TU/lmtt/b/n on input line 136.
(/usr/local/texlive/2021/texmf-dist/tex/context/base/mkii/supp-pdf.mkii
[Loading MPS to PDF converter (version 2006.09.02).]
\scratchcounter=\count337
\scratchdimen=\dimen278
\scratchbox=\box70
\nofMPsegments=\count338
\nofMParguments=\count339
\everyMPshowfont=\toks23
\MPscratchCnt=\count340
\MPscratchDim=\dimen279
\MPnumerator=\count341
\makeMPintoPDFobject=\count342
\everyMPtoPDFconversion=\toks24
) (/usr/local/texlive/2021/texmf-dist/tex/latex/epstopdf-pkg/epstopdf-base.sty
Package: epstopdf-base 2020-01-24 v2.11 Base part for package epstopdf
Package epstopdf-base Info: Redefining graphics rule for `.eps' on input line 4
85.

(/usr/local/texlive/2021/texmf-dist/tex/latex/latexconfig/epstopdf-sys.cfg
File: epstopdf-sys.cfg 2010/07/13 v1.3 Configuration of (r)epstopdf for TeX Liv
e
))
(./O_Salutaris_la.tex
Underfull \hbox (badness 1127) in paragraph at lines 1--5
[]\TU/EBGaramond(0)/m/n/10.95 O sa-lu-táis Hó-stia, 󰀉uæ cae-li pan-dis
 []

) (./O_Salutaris_en.tex)
Underfull \hbox (badness 1325) in paragraph at lines 7--149
[]\TU/EBGaramond(0)/m/n/10.95 To the One and Tri-une Lord, May
 []


Overfull \hbox (6.42497pt too wide) has occurred while \output is active
[] []
 []

Module gregoriotex Info: Looking in  on input line 157
Module gregoriotex Info: Found partitions/hy--o_salutaris_hostia_i--solesmes.gab
c directly on input line 157
Module gregoriotex Info: Looking in  on input line 157
Module gregoriotex Info: Found partitions/hy--o_salutaris_hostia_i--solesmes-6_0
_0.gtex directly on input line 157
(./partitions/hy--o_salutaris_hostia_i--solesmes-6_0_0.gtex
Removing  `luaotfload.harf.finalize_vlist' from `post_linebreak_filter'.
Inserting `gregoriotex.post_linebreak' at position 1 in `post_linebreak_filter'.
Inserting `luaotfload.harf.finalize_vlist' at position 2 in `post_linebreak_filt
er'.
Inserting `gregoriotex.disable_hyphenation' at position 1 in `hyphenate'.
Removing  `gregoriotex.post_linebreak' from `post_linebreak_filter'.
Removing  `gregoriotex.disable_hyphenation' from `hyphenate'.)
Module gregoriotex Info: Looking in  on input line 162
Module gregoriotex Info: Found partitions/hy--o_salutaris_hostia_ii--solesmes.ga
bc directly on input line 162
Module gregoriotex Info: Looking in  on input line 162
Module gregoriotex Info: Found partitions/hy--o_salutaris_hostia_ii--solesmes-6_
0_0.gtex directly on input line 162

(./partitions/hy--o_salutaris_hostia_ii--solesmes-6_0_0.gtex
Removing  `luaotfload.harf.finalize_vlist' from `post_linebreak_filter'.
Inserting `gregoriotex.post_linebreak' at position 1 in `post_linebreak_filter'.
Inserting `luaotfload.harf.finalize_vlist' at position 2 in `post_linebreak_filt
er'.
Inserting `gregoriotex.disable_hyphenation' at position 1 in `hyphenate'.
Removing  `gregoriotex.post_linebreak' from `post_linebreak_filter'.
Removing  `gregoriotex.disable_hyphenation' from `hyphenate'.)
Module gregoriotex Info: Looking in  on input line 166
Module gregoriotex Info: Found partitions/hy--o_salutaris_hostia_iii--solesmes.g
abc directly on input line 166
Module gregoriotex Info: Looking in  on input line 166
Module gregoriotex Info: Found partitions/hy--o_salutaris_hostia_iii--solesmes-6
_0_0.gtex directly on input line 166

(./partitions/hy--o_salutaris_hostia_iii--solesmes-6_0_0.gtex [1

{/usr/local/texlive/2021/texmf-var/fonts/map/pdftex/updmap/pdftex.map}]
Removing  `luaotfload.harf.finalize_vlist' from `post_linebreak_filter'.
Inserting `gregoriotex.post_linebreak' at position 1 in `post_linebreak_filter'.
Inserting `luaotfload.harf.finalize_vlist' at position 2 in `post_linebreak_filt
er'.
Inserting `gregoriotex.disable_hyphenation' at position 1 in `hyphenate'.
Overfull \hbox (8.45567pt too wide) detected at line 175
|
 []


Overfull \hbox (8.45567pt too wide) detected at line 462
|
 []

Removing  `gregoriotex.post_linebreak' from `post_linebreak_filter'.
Removing  `gregoriotex.disable_hyphenation' from `hyphenate'.) [2]
<O_salutaris_Hostia_Duguet.pdf, id=11, 614.295pt x 794.97pt>
File: O_salutaris_Hostia_Duguet.pdf Graphic file (type pdf)
<use O_salutaris_Hostia_Duguet.pdf>
Package luatex.def Info: O_salutaris_Hostia_Duguet.pdf  used on input line 173.

(luatex.def)             Requested size: 349.97368pt x 452.90714pt.

Overfull \hbox (10.95476pt too wide) in paragraph at lines 173--174
[][] 
 []

[3<./O_salutaris_Hostia_Duguet.pdf>] (./Prayer_Before_Benediction.tex
LaTeX Font Info:    External font `cmex10' loaded for size
(Font)              <10.95> on input line 7.
LaTeX Font Info:    External font `cmex10' loaded for size
(Font)              <8> on input line 7.
LaTeX Font Info:    External font `cmex10' loaded for size
(Font)              <6> on input line 7.
LaTeX Font Info:    External font `cmex10' loaded for size
(Font)              <9> on input line 7.
LaTeX Font Info:    External font `cmex10' loaded for size
(Font)              <5> on input line 7.
)
(./Cardinal_Wiseman_Prayer.tex [4]) (./Second_Sunday_Prayer.tex) [5]
(./Tantum_ergo_la.tex
Underfull \hbox (badness 3439) in paragraph at lines 1--7
[]\TU/EBGaramond(0)/m/n/10.95 Tan-tum er-go Sa-cra-men-tum Ve-ne-re-
 []

) (./Tantum_Ergo_en.tex)
Overfull \hbox (6.42497pt too wide) has occurred while \output is active
[] []
 []

Module gregoriotex Info: Looking in  on input line 213
Module gregoriotex Info: Found partitions/hy--tantum_ergo_i--solesmes_1957.gabc 
directly on input line 213
Module gregoriotex Info: Looking in  on input line 213
Module gregoriotex Info: Found partitions/hy--tantum_ergo_i--solesmes_1957-6_0_0
.gtex directly on input line 213
Module gregoriotex Info: partitions/hy--tantum_ergo_i--solesmes_1957.gabc has be
en modified and partitions/hy--tantum_ergo_i--solesmes_1957-6_0_0.gtex needs to 
be updated. Recompiling the gabc file. on input line 213
Module gregoriotex Info: compiling the score partitions/hy--tantum_ergo_i--soles
mes_1957.gabc... on input line 213
Module gregoriotex Info: will use gregorio on input line 213
(./partitions/hy--tantum_ergo_i--solesmes_1957-6_0_0.gtex
Removing  `luaotfload.harf.finalize_vlist' from `post_linebreak_filter'.
Inserting `gregoriotex.post_linebreak' at position 1 in `post_linebreak_filter'.
Inserting `luaotfload.harf.finalize_vlist' at position 2 in `post_linebreak_filt
er'.
Inserting `gregoriotex.disable_hyphenation' at position 1 in `hyphenate'. [6]
Removing  `gregoriotex.post_linebreak' from `post_linebreak_filter'.
Removing  `gregoriotex.disable_hyphenation' from `hyphenate'.)
Module gregoriotex Info: Looking in  on input line 217
Module gregoriotex Info: Found partitions/hy--tantum_ergo_iii--solesmes_1957.gab
c directly on input line 217
Module gregoriotex Info: Looking in  on input line 217
Module gregoriotex Info: Found partitions/hy--tantum_ergo_iii--solesmes_1957-6_0
_0.gtex directly on input line 217
Module gregoriotex Info: partitions/hy--tantum_ergo_iii--solesmes_1957.gabc has 
been modified and partitions/hy--tantum_ergo_iii--solesmes_1957-6_0_0.gtex needs
 to be updated. Recompiling the gabc file. on input line 217
Module gregoriotex Info: compiling the score partitions/hy--tantum_ergo_iii--sol
esmes_1957.gabc... on input line 217

(./partitions/hy--tantum_ergo_iii--solesmes_1957-6_0_0.gtex
Removing  `luaotfload.harf.finalize_vlist' from `post_linebreak_filter'.
Inserting `gregoriotex.post_linebreak' at position 1 in `post_linebreak_filter'.
Inserting `luaotfload.harf.finalize_vlist' at position 2 in `post_linebreak_filt
er'.
Inserting `gregoriotex.disable_hyphenation' at position 1 in `hyphenate'.
Overfull \hbox (8.45567pt too wide) detected at line 808
|
 []


Overfull \hbox (8.17033pt too wide) detected at line 808
|
 []

Removing  `gregoriotex.post_linebreak' from `post_linebreak_filter'.
Removing  `gregoriotex.disable_hyphenation' from `hyphenate'.) [7]
<Tantum_Ergo_Sacramentum_Wade.pdf, id=41, 614.295pt x 794.97pt>
File: Tantum_Ergo_Sacramentum_Wade.pdf Graphic file (type pdf)
<use Tantum_Ergo_Sacramentum_Wade.pdf>
Package luatex.def Info: Tantum_Ergo_Sacramentum_Wade.pdf  used on input line 2
24.
(luatex.def)             Requested size: 349.97368pt x 452.90714pt.

Overfull \hbox (10.95476pt too wide) in paragraph at lines 224--225
[][] 
 []

[8<./Tantum_Ergo_Sacramentum_Wade.pdf>]
<Tantum_Ergo_Sacramentum_Kaiserhymne.pdf, id=61, 614.295pt x 794.97pt>
File: Tantum_Ergo_Sacramentum_Kaiserhymne.pdf Graphic file (type pdf)
<use Tantum_Ergo_Sacramentum_Kaiserhymne.pdf>
Package luatex.def Info: Tantum_Ergo_Sacramentum_Kaiserhymne.pdf  used on input
 line 232.
(luatex.def)             Requested size: 349.97368pt x 452.90714pt.

Overfull \hbox (10.95476pt too wide) in paragraph at lines 232--233
[][] 
 []

Module gregoriotex Info: Looking in  on input line 235
Module gregoriotex Info: Found partitions/ps_116_ad_Benedictionem.gabc directly 
on input line 235
Module gregoriotex Info: Looking in  on input line 235
Module gregoriotex Info: Found partitions/ps_116_ad_Benedictionem-6_0_0.gtex dir
ectly on input line 235
(./partitions/ps_116_ad_Benedictionem-6_0_0.gtex
Removing  `luaotfload.harf.finalize_vlist' from `post_linebreak_filter'.
Inserting `gregoriotex.post_linebreak' at position 1 in `post_linebreak_filter'.
Inserting `luaotfload.harf.finalize_vlist' at position 2 in `post_linebreak_filt
er'.
Inserting `gregoriotex.disable_hyphenation' at position 1 in `hyphenate'. [9<./T
antum_Ergo_Sacramentum_Kaiserhymne.pdf>]
Removing  `gregoriotex.post_linebreak' from `post_linebreak_filter'.
Removing  `gregoriotex.disable_hyphenation' from `hyphenate'.)
Module gregoriotex Info: Looking in  on input line 238
Module gregoriotex Info: Found partitions/va--adoremus_in_aeternum_i--solesmes_1
957.gabc directly on input line 238
Module gregoriotex Info: Looking in  on input line 238
Module gregoriotex Info: Found partitions/va--adoremus_in_aeternum_i--solesmes_1
957-6_0_0.gtex directly on input line 238

(./partitions/va--adoremus_in_aeternum_i--solesmes_1957-6_0_0.gtex
Removing  `luaotfload.harf.finalize_vlist' from `post_linebreak_filter'.
Inserting `gregoriotex.post_linebreak' at position 1 in `post_linebreak_filter'.
Inserting `luaotfload.harf.finalize_vlist' at position 2 in `post_linebreak_filt
er'.
Inserting `gregoriotex.disable_hyphenation' at position 1 in `hyphenate'.
Removing  `gregoriotex.post_linebreak' from `post_linebreak_filter'.
Removing  `gregoriotex.disable_hyphenation' from `hyphenate'.)
Module gregoriotex Info: Looking in  on input line 241
Module gregoriotex Info: Found partitions/va--adoremus_ps_laudate_dominum_ii--so
lesmes.gabc directly on input line 241
Module gregoriotex Info: Looking in  on input line 241
Module gregoriotex Info: Found partitions/va--adoremus_ps_laudate_dominum_ii--so
lesmes-6_0_0.gtex directly on input line 241

(./partitions/va--adoremus_ps_laudate_dominum_ii--solesmes-6_0_0.gtex
Removing  `luaotfload.harf.finalize_vlist' from `post_linebreak_filter'.
Inserting `gregoriotex.post_linebreak' at position 1 in `post_linebreak_filter'.
Inserting `luaotfload.harf.finalize_vlist' at position 2 in `post_linebreak_filt
er'.
Inserting `gregoriotex.disable_hyphenation' at position 1 in `hyphenate'. [10]
Removing  `gregoriotex.post_linebreak' from `post_linebreak_filter'.
Removing  `gregoriotex.disable_hyphenation' from `hyphenate'.)
Module gregoriotex Info: Looking in  on input line 244
Module gregoriotex Info: Found partitions/va--cor_jesu--solesmes.gabc directly o
n input line 244
Module gregoriotex Info: Looking in  on input line 244
Module gregoriotex Info: Found partitions/va--cor_jesu--solesmes-6_0_0.gtex dire
ctly on input line 244

(./partitions/va--cor_jesu--solesmes-6_0_0.gtex
Removing  `luaotfload.harf.finalize_vlist' from `post_linebreak_filter'.
Inserting `gregoriotex.post_linebreak' at position 1 in `post_linebreak_filter'.
Inserting `luaotfload.harf.finalize_vlist' at position 2 in `post_linebreak_filt
er'.
Inserting `gregoriotex.disable_hyphenation' at position 1 in `hyphenate'.
Removing  `gregoriotex.post_linebreak' from `post_linebreak_filter'.
Removing  `gregoriotex.disable_hyphenation' from `hyphenate'.)
Module gregoriotex Info: Looking in  on input line 247
Module gregoriotex Info: Found partitions/hy--adoro_te_devote--solesmes_1957.gab
c directly on input line 247
Module gregoriotex Info: Looking in  on input line 247
Module gregoriotex Info: Found partitions/hy--adoro_te_devote--solesmes_1957-6_0
_0.gtex directly on input line 247

(./partitions/hy--adoro_te_devote--solesmes_1957-6_0_0.gtex
Removing  `luaotfload.harf.finalize_vlist' from `post_linebreak_filter'.
Inserting `gregoriotex.post_linebreak' at position 1 in `post_linebreak_filter'.
Inserting `luaotfload.harf.finalize_vlist' at position 2 in `post_linebreak_filt
er'.
Inserting `gregoriotex.disable_hyphenation' at position 1 in `hyphenate'. [11]
Removing  `gregoriotex.post_linebreak' from `post_linebreak_filter'.
Removing  `gregoriotex.disable_hyphenation' from `hyphenate'.)
(./psaumes/Adoro_te_la.tex)
Module gregoriotex Info: Looking in  on input line 255
Module gregoriotex Info: Found partitions/va--ave_verum--solesmes.gabc directly 
on input line 255
Module gregoriotex Info: Looking in  on input line 255
Module gregoriotex Info: Found partitions/va--ave_verum--solesmes-6_0_0.gtex dir
ectly on input line 255
 (./partitions/va--ave_verum--solesmes-6_0_0.gtex
Removing  `luaotfload.harf.finalize_vlist' from `post_linebreak_filter'.
Inserting `gregoriotex.post_linebreak' at position 1 in `post_linebreak_filter'.
Inserting `luaotfload.harf.finalize_vlist' at position 2 in `post_linebreak_filt
er'.
Inserting `gregoriotex.disable_hyphenation' at position 1 in `hyphenate'.
[12]
Removing  `gregoriotex.post_linebreak' from `post_linebreak_filter'.
Removing  `gregoriotex.disable_hyphenation' from `hyphenate'.)
Module gregoriotex Info: Looking in  on input line 258
Module gregoriotex Info: Found partitions/va--ave_maria_salutatio_angelica_soles
mes_1961.gabc directly on input line 258
Module gregoriotex Info: Looking in  on input line 258
Module gregoriotex Info: Found partitions/va--ave_maria_salutatio_angelica_soles
mes_1961-6_0_0.gtex directly on input line 258
 (./partitions/va--ave_maria_salutatio_angelica_solesmes_1961-6_0_0.gtex
Removing  `luaotfload.harf.finalize_vlist' from `post_linebreak_filter'.
Inserting `gregoriotex.post_linebreak' at position 1 in `post_linebreak_filter'.
Inserting `luaotfload.harf.finalize_vlist' at position 2 in `post_linebreak_filt
er'.
Inserting `gregoriotex.disable_hyphenation' at position 1 in `hyphenate'.
Removing  `gregoriotex.post_linebreak' from `post_linebreak_filter'.
Removing  `gregoriotex.disable_hyphenation' from `hyphenate'.)
(./Ave_Maria_en.tex)
Module gregoriotex Info: Looking in  on input line 263
Module gregoriotex Info: Found partitions/an--sub_tuum_praesidium--solesmes.gabc
 directly on input line 263
Module gregoriotex Info: Looking in  on input line 263
Module gregoriotex Info: Found partitions/an--sub_tuum_praesidium--solesmes-6_0_
0.gtex directly on input line 263
 (./partitions/an--sub_tuum_praesidium--solesmes-6_0_0.gtex
Removing  `luaotfload.harf.finalize_vlist' from `post_linebreak_filter'.
Inserting `gregoriotex.post_linebreak' at position 1 in `post_linebreak_filter'.
Inserting `luaotfload.harf.finalize_vlist' at position 2 in `post_linebreak_filt
er'.
Inserting `gregoriotex.disable_hyphenation' at position 1 in `hyphenate'.
Removing  `gregoriotex.post_linebreak' from `post_linebreak_filter'.
Removing  `gregoriotex.disable_hyphenation' from `hyphenate'.) (./Sub_tuum_en.t
ex [13])
Module gregoriotex Info: Looking in  on input line 268
Module gregoriotex Info: Found partitions/se--inviolata--solesmes.gabc directly 
on input line 268
Module gregoriotex Info: Looking in  on input line 268
Module gregoriotex Info: Found partitions/se--inviolata--solesmes-6_0_0.gtex dir
ectly on input line 268
 (./partitions/se--inviolata--solesmes-6_0_0.gtex
Removing  `luaotfload.harf.finalize_vlist' from `post_linebreak_filter'.
Inserting `gregoriotex.post_linebreak' at position 1 in `post_linebreak_filter'.
Inserting `luaotfload.harf.finalize_vlist' at position 2 in `post_linebreak_filt
er'.
Inserting `gregoriotex.disable_hyphenation' at position 1 in `hyphenate'.
Removing  `gregoriotex.post_linebreak' from `post_linebreak_filter'.
Removing  `gregoriotex.disable_hyphenation' from `hyphenate'.)
(./Inviolata_en.tex)
Module gregoriotex Info: Looking in  on input line 273
Module gregoriotex Info: Found partitions/va--oremus_pro_pontifice--solesmes.gab
c directly on input line 273
Module gregoriotex Info: Looking in  on input line 273
Module gregoriotex Info: Found partitions/va--oremus_pro_pontifice--solesmes-6_0
_0.gtex directly on input line 273

(./partitions/va--oremus_pro_pontifice--solesmes-6_0_0.gtex
Removing  `luaotfload.harf.finalize_vlist' from `post_linebreak_filter'.
Inserting `gregoriotex.post_linebreak' at position 1 in `post_linebreak_filter'.
Inserting `luaotfload.harf.finalize_vlist' at position 2 in `post_linebreak_filt
er'.
Inserting `gregoriotex.disable_hyphenation' at position 1 in `hyphenate'. [14]
Removing  `gregoriotex.post_linebreak' from `post_linebreak_filter'.
Removing  `gregoriotex.disable_hyphenation' from `hyphenate'.)
Module gregoriotex Info: Looking in  on input line 276
Module gregoriotex Info: Found partitions/an--tu_es_petrus_solesmes_1961.gabc di
rectly on input line 276
Module gregoriotex Info: Looking in  on input line 276
Module gregoriotex Info: Found partitions/an--tu_es_petrus_solesmes_1961-6_0_0.g
tex directly on input line 276

(./partitions/an--tu_es_petrus_solesmes_1961-6_0_0.gtex
Removing  `luaotfload.harf.finalize_vlist' from `post_linebreak_filter'.
Inserting `gregoriotex.post_linebreak' at position 1 in `post_linebreak_filter'.
Inserting `luaotfload.harf.finalize_vlist' at position 2 in `post_linebreak_filt
er'.
Inserting `gregoriotex.disable_hyphenation' at position 1 in `hyphenate'.
Removing  `gregoriotex.post_linebreak' from `post_linebreak_filter'.
Removing  `gregoriotex.disable_hyphenation' from `hyphenate'.)
Module gregoriotex Info: Looking in  on input line 279
Module gregoriotex Info: Found partitions/va--oremus_pro_antistite--solesmes_195
7.gabc directly on input line 279
Module gregoriotex Info: Looking in  on input line 279
Module gregoriotex Info: Found partitions/va--oremus_pro_antistite--solesmes_195
7-6_0_0.gtex directly on input line 279

(./partitions/va--oremus_pro_antistite--solesmes_1957-6_0_0.gtex
Removing  `luaotfload.harf.finalize_vlist' from `post_linebreak_filter'.
Inserting `gregoriotex.post_linebreak' at position 1 in `post_linebreak_filter'.
Inserting `luaotfload.harf.finalize_vlist' at position 2 in `post_linebreak_filt
er'.
Inserting `gregoriotex.disable_hyphenation' at position 1 in `hyphenate'.
Overfull \hbox (8.45567pt too wide) detected at line 92
|
 []


Overfull \hbox (8.45567pt too wide) detected at line 238
|
 []

Removing  `gregoriotex.post_linebreak' from `post_linebreak_filter'.
Removing  `gregoriotex.disable_hyphenation' from `hyphenate'.)
Module gregoriotex Info: Looking in  on input line 282
Module gregoriotex Info: Found partitions/an--parce_domine--solesmes.1verse.gabc
 directly on input line 282
Module gregoriotex Info: Looking in  on input line 282
Module gregoriotex Info: Found partitions/an--parce_domine--solesmes.1verse-6_0_
0.gtex directly on input line 282
 (./partitions/an--parce_domine--solesmes.1verse-6_0_0.gtex
Removing  `luaotfload.harf.finalize_vlist' from `post_linebreak_filter'.
Inserting `gregoriotex.post_linebreak' at position 1 in `post_linebreak_filter'.
Inserting `luaotfload.harf.finalize_vlist' at position 2 in `post_linebreak_filt
er'.
Inserting `gregoriotex.disable_hyphenation' at position 1 in `hyphenate'.
Removing  `gregoriotex.post_linebreak' from `post_linebreak_filter'.
Removing  `gregoriotex.disable_hyphenation' from `hyphenate'.) [15]
(./Benediction.aux))

Here is how much of LuaTeX's memory you used:
 26033 strings out of 478531
 305261,953878 words of node,token memory allocated
 1077 words of node memory still in use:
   5 hlist, 3 vlist, 1 rule, 18 glue, 4 kern, 3 glyph, 154 attribute, 80 glue_sp
ec, 24 attribute_list, 1 write, 1 user_defined nodes
   avail lists: 1:4,2:45437,3:5363,4:41,5:7897,6:551,7:7287,8:2,9:9419,10:36,11:
302
 45382 multiletter control sequences out of 65536+600000
 62 fonts using 15663847 bytes
 81i,12n,109p,1231b,3324s stack positions out of 5000i,500n,10000p,200000b,80000s
Module gregoriotex Info: Writing Benediction.gaux on input line 0
Module gregoriotex Warning: Line heights or variable brace lengths may have chan
ged. Rerun to fix. on input line 0
</usr/local/texlive/2021/texmf-dist/fonts/truetype/public/gregoriotex/greextra.t
tf></Users/matthewroth/Library/Fonts/EBGaramond-Italic.otf></usr/local/texlive/2
021/texmf-dist/fonts/truetype/public/gregoriotex/greciliae.ttf></Users/matthewro
th/Library/Fonts/EBGaramond-Regular.otf>
Output written on Benediction.pdf (15 pages, 209399 bytes).

PDF statistics: 121 PDF objects out of 1000 (max. 8388607)
 71 compressed objects within 1 object stream
 0 named destinations out of 1000 (max. 131072)
 1 words of extra memory for PDF output out of 10000 (max. 100000000)

